<?xml version="1.0" encoding="UTF-8"?>
<!-- Generated by org.testng.reporters.JUnitXMLReporter -->
<testsuite ignored="0" hostname="ITS-AJJU1" failures="0" tests="3" name="Test" time="75.125" errors="0" timestamp="2022-11-26T13:04:46 IST">
  <testcase classname="com.TestLayer.LogoutTest" name="logoutTest" time="6.195"/>
  <testcase classname="com.TestLayer.LoginTest" name="loginTest" time="3.026"/>
  <testcase classname="com.TestLayer.GetTransactionData" name="fetchTransaction" time="8.953"/>
</testsuite> <!-- Test -->
