<?xml version="1.0" encoding="UTF-8"?>
<testng-results ignored="0" total="1" passed="1" failed="0" skipped="0">
  <reporter-output>
  </reporter-output>
  <suite started-at="2022-11-09T22:34:39 IST" name="Default suite" finished-at="2022-11-09T22:35:09 IST" duration-ms="29846">
    <groups>
    </groups>
    <test started-at="2022-11-09T22:34:39 IST" name="Default test" finished-at="2022-11-09T22:35:09 IST" duration-ms="29846">
      <class name="com.TestLayer.LoginTest">
        <test-method is-config="true" signature="setup()[pri:0, instance:com.TestLayer.LoginTest@dbf57b3]" started-at="2022-11-09T22:34:39 IST" name="setup" finished-at="2022-11-09T22:34:59 IST" duration-ms="19498" status="PASS">
          <reporter-output>
          </reporter-output>
        </test-method> <!-- setup -->
        <test-method signature="loginTest()[pri:0, instance:com.TestLayer.LoginTest@dbf57b3]" started-at="2022-11-09T22:34:59 IST" name="loginTest" finished-at="2022-11-09T22:35:04 IST" duration-ms="5203" status="PASS">
          <reporter-output>
          </reporter-output>
        </test-method> <!-- loginTest -->
        <test-method is-config="true" signature="tearDown()[pri:0, instance:com.TestLayer.LoginTest@dbf57b3]" started-at="2022-11-09T22:35:04 IST" name="tearDown" finished-at="2022-11-09T22:35:09 IST" duration-ms="5102" status="PASS">
          <reporter-output>
          </reporter-output>
        </test-method> <!-- tearDown -->
      </class> <!-- com.TestLayer.LoginTest -->
    </test> <!-- Default test -->
  </suite> <!-- Default suite -->
</testng-results>
