<?xml version="1.0" encoding="UTF-8"?>
<testng-results ignored="0" total="1" passed="1" failed="0" skipped="0">
  <reporter-output>
  </reporter-output>
  <suite started-at="2022-11-19T14:17:13 IST" name="Suite" finished-at="2022-11-19T14:17:38 IST" duration-ms="24968">
    <groups>
    </groups>
    <test started-at="2022-11-19T14:17:13 IST" name="Test" finished-at="2022-11-19T14:17:38 IST" duration-ms="24968">
      <class name="com.TestLayer.LoginTest">
        <test-method is-config="true" signature="setup()[pri:0, instance:com.TestLayer.LoginTest@35ef1869]" started-at="2022-11-19T14:17:13 IST" name="setup" finished-at="2022-11-19T14:17:28 IST" duration-ms="15126" status="PASS">
          <reporter-output>
          </reporter-output>
        </test-method> <!-- setup -->
        <test-method signature="loginTest()[pri:0, instance:com.TestLayer.LoginTest@35ef1869]" started-at="2022-11-19T14:17:28 IST" name="loginTest" finished-at="2022-11-19T14:17:31 IST" duration-ms="3110" status="PASS">
          <reporter-output>
          </reporter-output>
        </test-method> <!-- loginTest -->
        <test-method is-config="true" signature="tearDown()[pri:0, instance:com.TestLayer.LoginTest@35ef1869]" started-at="2022-11-19T14:17:31 IST" name="tearDown" finished-at="2022-11-19T14:17:38 IST" duration-ms="6673" status="PASS">
          <reporter-output>
          </reporter-output>
        </test-method> <!-- tearDown -->
      </class> <!-- com.TestLayer.LoginTest -->
    </test> <!-- Test -->
  </suite> <!-- Suite -->
</testng-results>
