<?xml version="1.0" encoding="UTF-8"?>
<testng-results ignored="0" total="0" passed="0" failed="0" skipped="0">
  <reporter-output>
  </reporter-output>
  <suite started-at="2022-11-09T10:03:30 IST" name="RegressionSuite" finished-at="2022-11-09T10:03:30 IST" duration-ms="21">
    <groups>
    </groups>
    <test started-at="2022-11-09T10:03:30 IST" name="RegressionTest" finished-at="2022-11-09T10:03:30 IST" duration-ms="21">
    </test> <!-- RegressionTest -->
  </suite> <!-- RegressionSuite -->
</testng-results>
